# JRE version: OpenJDK Runtime Environment Temurin-21.0.10+7 (21.0.10+7) (build 21.0.10+7-LTS)
# Java VM: OpenJDK 64-Bit Server VM Temurin-21.0.10+7 (21.0.10+7-LTS, mixed mode, sharing, tiered, compressed oops, compressed class ptrs, parallel gc, windows-amd64)
GC Precious Log:
 CardTable entry size: 512
 CPUs: 16 total, 16 available
 Memory: 31909M
 Large Page Support: Disabled
 NUMA Support: Disabled
 Compressed Oops: Enabled (32-bit)
 Alignments: Space 512K, Generation 512K, Heap 2M
 Heap Min Capacity: 100M
 Heap Initial Capacity: 100M
 Heap Max Capacity: 2G
 Pre-touch: Disabled
 Parallel Workers: 13
Heap:
 PSYoungGen      total 6144K, used 1020K [0x00000000d5580000, 0x00000000d5c80000, 0x0000000100000000)
  eden space 5632K, 12% used [0x00000000d5580000,0x00000000d562f2a8,0x00000000d5b00000)
  from space 512K, 62% used [0x00000000d5c00000,0x00000000d5c50000,0x00000000d5c80000)
  to   space 512K, 0% used [0x00000000d5b80000,0x00000000d5b80000,0x00000000d5c00000)
 ParOldGen       total 528384K, used 124196K [0x0000000080000000, 0x00000000a0400000, 0x00000000d5580000)
  object space 528384K, 23% used [0x0000000080000000,0x0000000087949008,0x00000000a0400000)
 Metaspace       used 85134K, committed 87808K, reserved 1179648K
  class space    used 10200K, committed 11264K, reserved 1048576K
GC Heap History (20 events):
Event: 200847.902 GC heap before
{Heap before GC invocations=1779 (full 4):
 PSYoungGen      total 6144K, used 6016K [0x00000000d5580000, 0x00000000d5c80000, 0x0000000100000000)
  eden space 5632K, 100% used [0x00000000d5580000,0x00000000d5b00000,0x00000000d5b00000)
  from space 512K, 75% used [0x00000000d5c00000,0x00000000d5c60000,0x00000000d5c80000)
  to   space 512K, 0% used [0x00000000d5b80000,0x00000000d5b80000,0x00000000d5c00000)
 ParOldGen       total 528384K, used 123892K [0x0000000080000000, 0x00000000a0400000, 0x00000000d5580000)
  object space 528384K, 23% used [0x0000000080000000,0x00000000878fd008,0x00000000a0400000)
 Metaspace       used 85134K, committed 87808K, reserved 1179648K
  class space    used 10200K, committed 11264K, reserved 1048576K
}
Event: 200847.905 GC heap after
{Heap after GC invocations=1779 (full 4):
 PSYoungGen      total 6144K, used 160K [0x00000000d5580000, 0x00000000d5c80000, 0x0000000100000000)
  eden space 5632K, 0% used [0x00000000d5580000,0x00000000d5580000,0x00000000d5b00000)
  from space 512K, 31% used [0x00000000d5b80000,0x00000000d5ba8000,0x00000000d5c00000)
  to   space 512K, 0% used [0x00000000d5c00000,0x00000000d5c00000,0x00000000d5c80000)
 ParOldGen       total 528384K, used 123916K [0x0000000080000000, 0x00000000a0400000, 0x00000000d5580000)
  object space 528384K, 23% used [0x0000000080000000,0x0000000087903008,0x00000000a0400000)
 Metaspace       used 85134K, committed 87808K, reserved 1179648K
  class space    used 10200K, committed 11264K, reserved 1048576K
}
Event: 200847.993 GC heap before
{Heap before GC invocations=1780 (full 4):
 PSYoungGen      total 6144K, used 5792K [0x00000000d5580000, 0x00000000d5c80000, 0x0000000100000000)
  eden space 5632K, 100% used [0x00000000d5580000,0x00000000d5b00000,0x00000000d5b00000)
  from space 512K, 31% used [0x00000000d5b80000,0x00000000d5ba8000,0x00000000d5c00000)
  to   space 512K, 0% used [0x00000000d5c00000,0x00000000d5c00000,0x00000000d5c80000)
 ParOldGen       total 528384K, used 123916K [0x0000000080000000, 0x00000000a0400000, 0x00000000d5580000)
  object space 528384K, 23% used [0x0000000080000000,0x0000000087903008,0x00000000a0400000)
 Metaspace       used 85134K, committed 87808K, reserved 1179648K
  class space    used 10200K, committed 11264K, reserved 1048576K
}
Event: 200847.994 GC heap after
{Heap after GC invocations=1780 (full 4):
 PSYoungGen      total 6144K, used 320K [0x00000000d5580000, 0x00000000d5c80000, 0x0000000100000000)
  eden space 5632K, 0% used [0x00000000d5580000,0x00000000d5580000,0x00000000d5b00000)
  from space 512K, 62% used [0x00000000d5c00000,0x00000000d5c50000,0x00000000d5c80000)
  to   space 512K, 0% used [0x00000000d5b80000,0x00000000d5b80000,0x00000000d5c00000)
 ParOldGen       total 528384K, used 123948K [0x0000000080000000, 0x00000000a0400000, 0x00000000d5580000)
  object space 528384K, 23% used [0x0000000080000000,0x000000008790b008,0x00000000a0400000)
 Metaspace       used 85134K, committed 87808K, reserved 1179648K
  class space    used 10200K, committed 11264K, reserved 1048576K
}
Event: 200848.078 GC heap before
{Heap before GC invocations=1781 (full 4):
 PSYoungGen      total 6144K, used 5952K [0x00000000d5580000, 0x00000000d5c80000, 0x0000000100000000)
  eden space 5632K, 100% used [0x00000000d5580000,0x00000000d5b00000,0x00000000d5b00000)
  from space 512K, 62% used [0x00000000d5c00000,0x00000000d5c50000,0x00000000d5c80000)
  to   space 512K, 0% used [0x00000000d5b80000,0x00000000d5b80000,0x00000000d5c00000)
 ParOldGen       total 528384K, used 123948K [0x0000000080000000, 0x00000000a0400000, 0x00000000d5580000)
  object space 528384K, 23% used [0x0000000080000000,0x000000008790b008,0x00000000a0400000)
 Metaspace       used 85134K, committed 87808K, reserved 1179648K
  class space    used 10200K, committed 11264K, reserved 1048576K
}
Event: 200848.079 GC heap after
{Heap after GC invocations=1781 (full 4):
 PSYoungGen      total 6144K, used 384K [0x00000000d5580000, 0x00000000d5c80000, 0x0000000100000000)
  eden space 5632K, 0% used [0x00000000d5580000,0x00000000d5580000,0x00000000d5b00000)
  from space 512K, 75% used [0x00000000d5b80000,0x00000000d5be0000,0x00000000d5c00000)
  to   space 512K, 0% used [0x00000000d5c00000,0x00000000d5c00000,0x00000000d5c80000)
 ParOldGen       total 528384K, used 123972K [0x0000000080000000, 0x00000000a0400000, 0x00000000d5580000)
  object space 528384K, 23% used [0x0000000080000000,0x0000000087911008,0x00000000a0400000)
 Metaspace       used 85134K, committed 87808K, reserved 1179648K
  class space    used 10200K, committed 11264K, reserved 1048576K
}
Event: 200848.181 GC heap before
{Heap before GC invocations=1782 (full 4):
 PSYoungGen      total 6144K, used 6016K [0x00000000d5580000, 0x00000000d5c80000, 0x0000000100000000)
  eden space 5632K, 100% used [0x00000000d5580000,0x00000000d5b00000,0x00000000d5b00000)
  from space 512K, 75% used [0x00000000d5b80000,0x00000000d5be0000,0x00000000d5c00000)
  to   space 512K, 0% used [0x00000000d5c00000,0x00000000d5c00000,0x00000000d5c80000)
 ParOldGen       total 528384K, used 123972K [0x0000000080000000, 0x00000000a0400000, 0x00000000d5580000)
  object space 528384K, 23% used [0x0000000080000000,0x0000000087911008,0x00000000a0400000)
 Metaspace       used 85134K, committed 87808K, reserved 1179648K
  class space    used 10200K, committed 11264K, reserved 1048576K
}
Event: 200848.182 GC heap after
{Heap after GC invocations=1782 (full 4):
 PSYoungGen      total 6144K, used 352K [0x00000000d5580000, 0x00000000d5c80000, 0x0000000100000000)
  eden space 5632K, 0% used [0x00000000d5580000,0x00000000d5580000,0x00000000d5b00000)
  from space 512K, 68% used [0x00000000d5c00000,0x00000000d5c58000,0x00000000d5c80000)
  to   space 512K, 0% used [0x00000000d5b80000,0x00000000d5b80000,0x00000000d5c00000)
 ParOldGen       total 528384K, used 124004K [0x0000000080000000, 0x00000000a0400000, 0x00000000d5580000)
  object space 528384K, 23% used [0x0000000080000000,0x0000000087919008,0x00000000a0400000)
 Metaspace       used 85134K, committed 87808K, reserved 1179648K
  class space    used 10200K, committed 11264K, reserved 1048576K
}
Event: 200848.295 GC heap before
{Heap before GC invocations=1783 (full 4):
 PSYoungGen      total 6144K, used 5984K [0x00000000d5580000, 0x00000000d5c80000, 0x0000000100000000)
  eden space 5632K, 100% used [0x00000000d5580000,0x00000000d5b00000,0x00000000d5b00000)
  from space 512K, 68% used [0x00000000d5c00000,0x00000000d5c58000,0x00000000d5c80000)
  to   space 512K, 0% used [0x00000000d5b80000,0x00000000d5b80000,0x00000000d5c00000)
 ParOldGen       total 528384K, used 124004K [0x0000000080000000, 0x00000000a0400000, 0x00000000d5580000)
  object space 528384K, 23% used [0x0000000080000000,0x0000000087919008,0x00000000a0400000)
 Metaspace       used 85134K, committed 87808K, reserved 1179648K
  class space    used 10200K, committed 11264K, reserved 1048576K
}
Event: 200848.296 GC heap after
{Heap after GC invocations=1783 (full 4):
 PSYoungGen      total 6144K, used 224K [0x00000000d5580000, 0x00000000d5c80000, 0x0000000100000000)
  eden space 5632K, 0% used [0x00000000d5580000,0x00000000d5580000,0x00000000d5b00000)
  from space 512K, 43% used [0x00000000d5b80000,0x00000000d5bb8000,0x00000000d5c00000)
  to   space 512K, 0% used [0x00000000d5c00000,0x00000000d5c00000,0x00000000d5c80000)
 ParOldGen       total 528384K, used 124028K [0x0000000080000000, 0x00000000a0400000, 0x00000000d5580000)
  object space 528384K, 23% used [0x0000000080000000,0x000000008791f008,0x00000000a0400000)
 Metaspace       used 85134K, committed 87808K, reserved 1179648K
  class space    used 10200K, committed 11264K, reserved 1048576K
}
Event: 200848.405 GC heap before
{Heap before GC invocations=1784 (full 4):
 PSYoungGen      total 6144K, used 5856K [0x00000000d5580000, 0x00000000d5c80000, 0x0000000100000000)
  eden space 5632K, 100% used [0x00000000d5580000,0x00000000d5b00000,0x00000000d5b00000)
  from space 512K, 43% used [0x00000000d5b80000,0x00000000d5bb8000,0x00000000d5c00000)
  to   space 512K, 0% used [0x00000000d5c00000,0x00000000d5c00000,0x00000000d5c80000)
 ParOldGen       total 528384K, used 124028K [0x0000000080000000, 0x00000000a0400000, 0x00000000d5580000)
  object space 528384K, 23% used [0x0000000080000000,0x000000008791f008,0x00000000a0400000)
 Metaspace       used 85134K, committed 87808K, reserved 1179648K
  class space    used 10200K, committed 11264K, reserved 1048576K
}
Event: 200848.406 GC heap after
{Heap after GC invocations=1784 (full 4):
 PSYoungGen      total 6144K, used 224K [0x00000000d5580000, 0x00000000d5c80000, 0x0000000100000000)
  eden space 5632K, 0% used [0x00000000d5580000,0x00000000d5580000,0x00000000d5b00000)
  from space 512K, 43% used [0x00000000d5c00000,0x00000000d5c38000,0x00000000d5c80000)
  to   space 512K, 0% used [0x00000000d5b80000,0x00000000d5b80000,0x00000000d5c00000)
 ParOldGen       total 528384K, used 124076K [0x0000000080000000, 0x00000000a0400000, 0x00000000d5580000)
  object space 528384K, 23% used [0x0000000080000000,0x000000008792b008,0x00000000a0400000)
 Metaspace       used 85134K, committed 87808K, reserved 1179648K
  class space    used 10200K, committed 11264K, reserved 1048576K
}
Event: 200848.507 GC heap before
{Heap before GC invocations=1785 (full 4):
 PSYoungGen      total 6144K, used 5856K [0x00000000d5580000, 0x00000000d5c80000, 0x0000000100000000)
  eden space 5632K, 100% used [0x00000000d5580000,0x00000000d5b00000,0x00000000d5b00000)
  from space 512K, 43% used [0x00000000d5c00000,0x00000000d5c38000,0x00000000d5c80000)
  to   space 512K, 0% used [0x00000000d5b80000,0x00000000d5b80000,0x00000000d5c00000)
 ParOldGen       total 528384K, used 124076K [0x0000000080000000, 0x00000000a0400000, 0x00000000d5580000)
  object space 528384K, 23% used [0x0000000080000000,0x000000008792b008,0x00000000a0400000)
 Metaspace       used 85134K, committed 87808K, reserved 1179648K
  class space    used 10200K, committed 11264K, reserved 1048576K
}
Event: 200848.508 GC heap after
{Heap after GC invocations=1785 (full 4):
 PSYoungGen      total 6144K, used 192K [0x00000000d5580000, 0x00000000d5c80000, 0x0000000100000000)
  eden space 5632K, 0% used [0x00000000d5580000,0x00000000d5580000,0x00000000d5b00000)
  from space 512K, 37% used [0x00000000d5b80000,0x00000000d5bb0000,0x00000000d5c00000)
  to   space 512K, 0% used [0x00000000d5c00000,0x00000000d5c00000,0x00000000d5c80000)
 ParOldGen       total 528384K, used 124100K [0x0000000080000000, 0x00000000a0400000, 0x00000000d5580000)
  object space 528384K, 23% used [0x0000000080000000,0x0000000087931008,0x00000000a0400000)
 Metaspace       used 85134K, committed 87808K, reserved 1179648K
  class space    used 10200K, committed 11264K, reserved 1048576K
}
Event: 200848.608 GC heap before
{Heap before GC invocations=1786 (full 4):
 PSYoungGen      total 6144K, used 5824K [0x00000000d5580000, 0x00000000d5c80000, 0x0000000100000000)
  eden space 5632K, 100% used [0x00000000d5580000,0x00000000d5b00000,0x00000000d5b00000)
  from space 512K, 37% used [0x00000000d5b80000,0x00000000d5bb0000,0x00000000d5c00000)
  to   space 512K, 0% used [0x00000000d5c00000,0x00000000d5c00000,0x00000000d5c80000)
 ParOldGen       total 528384K, used 124100K [0x0000000080000000, 0x00000000a0400000, 0x00000000d5580000)
  object space 528384K, 23% used [0x0000000080000000,0x0000000087931008,0x00000000a0400000)
 Metaspace       used 85134K, committed 87808K, reserved 1179648K
  class space    used 10200K, committed 11264K, reserved 1048576K
}
Event: 200848.608 GC heap after
{Heap after GC invocations=1786 (full 4):
 PSYoungGen      total 6144K, used 288K [0x00000000d5580000, 0x00000000d5c80000, 0x0000000100000000)
  eden space 5632K, 0% used [0x00000000d5580000,0x00000000d5580000,0x00000000d5b00000)
  from space 512K, 56% used [0x00000000d5c00000,0x00000000d5c48000,0x00000000d5c80000)
  to   space 512K, 0% used [0x00000000d5b80000,0x00000000d5b80000,0x00000000d5c00000)
 ParOldGen       total 528384K, used 124116K [0x0000000080000000, 0x00000000a0400000, 0x00000000d5580000)
  object space 528384K, 23% used [0x0000000080000000,0x0000000087935008,0x00000000a0400000)
 Metaspace       used 85134K, committed 87808K, reserved 1179648K
  class space    used 10200K, committed 11264K, reserved 1048576K
}
Event: 200848.717 GC heap before
{Heap before GC invocations=1787 (full 4):
 PSYoungGen      total 6144K, used 5920K [0x00000000d5580000, 0x00000000d5c80000, 0x0000000100000000)
  eden space 5632K, 100% used [0x00000000d5580000,0x00000000d5b00000,0x00000000d5b00000)
  from space 512K, 56% used [0x00000000d5c00000,0x00000000d5c48000,0x00000000d5c80000)
  to   space 512K, 0% used [0x00000000d5b80000,0x00000000d5b80000,0x00000000d5c00000)
 ParOldGen       total 528384K, used 124116K [0x0000000080000000, 0x00000000a0400000, 0x00000000d5580000)
  object space 528384K, 23% used [0x0000000080000000,0x0000000087935008,0x00000000a0400000)
 Metaspace       used 85134K, committed 87808K, reserved 1179648K
  class space    used 10200K, committed 11264K, reserved 1048576K
}
Event: 200848.718 GC heap after
{Heap after GC invocations=1787 (full 4):
 PSYoungGen      total 6144K, used 224K [0x00000000d5580000, 0x00000000d5c80000, 0x0000000100000000)
  eden space 5632K, 0% used [0x00000000d5580000,0x00000000d5580000,0x00000000d5b00000)
  from space 512K, 43% used [0x00000000d5b80000,0x00000000d5bb8000,0x00000000d5c00000)
  to   space 512K, 0% used [0x00000000d5c00000,0x00000000d5c00000,0x00000000d5c80000)
 ParOldGen       total 528384K, used 124164K [0x0000000080000000, 0x00000000a0400000, 0x00000000d5580000)
  object space 528384K, 23% used [0x0000000080000000,0x0000000087941008,0x00000000a0400000)
 Metaspace       used 85134K, committed 87808K, reserved 1179648K
  class space    used 10200K, committed 11264K, reserved 1048576K
}
Event: 200848.964 GC heap before
{Heap before GC invocations=1788 (full 4):
 PSYoungGen      total 6144K, used 5855K [0x00000000d5580000, 0x00000000d5c80000, 0x0000000100000000)
  eden space 5632K, 99% used [0x00000000d5580000,0x00000000d5afffd0,0x00000000d5b00000)
  from space 512K, 43% used [0x00000000d5b80000,0x00000000d5bb8000,0x00000000d5c00000)
  to   space 512K, 0% used [0x00000000d5c00000,0x00000000d5c00000,0x00000000d5c80000)
 ParOldGen       total 528384K, used 124164K [0x0000000080000000, 0x00000000a0400000, 0x00000000d5580000)
  object space 528384K, 23% used [0x0000000080000000,0x0000000087941008,0x00000000a0400000)
 Metaspace       used 85134K, committed 87808K, reserved 1179648K
  class space    used 10200K, committed 11264K, reserved 1048576K
}
Event: 200848.967 GC heap after
{Heap after GC invocations=1788 (full 4):
 PSYoungGen      total 6144K, used 320K [0x00000000d5580000, 0x00000000d5c80000, 0x0000000100000000)
  eden space 5632K, 0% used [0x00000000d5580000,0x00000000d5580000,0x00000000d5b00000)
  from space 512K, 62% used [0x00000000d5c00000,0x00000000d5c50000,0x00000000d5c80000)
  to   space 512K, 0% used [0x00000000d5b80000,0x00000000d5b80000,0x00000000d5c00000)
 ParOldGen       total 528384K, used 124196K [0x0000000080000000, 0x00000000a0400000, 0x00000000d5580000)
  object space 528384K, 23% used [0x0000000080000000,0x0000000087949008,0x00000000a0400000)
 Metaspace       used 85134K, committed 87808K, reserved 1179648K
  class space    used 10200K, committed 11264K, reserved 1048576K
}

